{
  "RSpec": {
    "coverage": {
      "/Users/kennx9/projects/coollala/config/environment.rb": [
        1
      ],
      "/Users/kennx9/projects/coollala/config/application.rb": [
        null,
        null,
        1,
        1,
        1,
        null,
        2,
        2,
        3,
        null,
        1,
        1,
        null,
        1,
        1,
        1,
        null,
        1,
        1,
        1,
        1,
        null,
        null,
        1,
        0,
        0,
        null,
        null,
        1,
        0,
        0,
        0,
        0,
        null,
        null,
        1,
        1,
        null,
        1,
        1,
        1,
        1,
        1,
        null,
        1,
        null,
        null,
        null,
        null,
        null,
        null,
        null
      ],
      "/Users/kennx9/projects/coollala/config/boot.rb": [
        1,
        null,
        1,
        1,
        1,
        1,
        1
      ],
      "/Users/kennx9/projects/coollala/config/routes.rb": [

      ],
      "/Users/kennx9/projects/coollala/lib/helpers/render_helpers.rb": [
        1,
        1,
        1,
        0,
        0,
        null,
        1,
        0,
        0,
        0,
        0,
        0,
        0,
        0,
        null,
        0,
        null,
        null,
        0,
        null,
        null,
        null,
        1,
        null
      ],
      "/Users/kennx9/projects/coollala/lib/models/user.rb": [
        null,
        1,
        1,
        1,
        1,
        1,
        1,
        1,
        1,
        null,
        1,
        null,
        null,
        1,
        null,
        null,
        1,
        null,
        null,
        1,
        3,
        3,
        2,
        0,
        null,
        2,
        null,
        null,
        null,
        1,
        18,
        null,
        null,
        1,
        4,
        4,
        4,
        4,
        null,
        null,
        null,
        1,
        1,
        4,
        4,
        null,
        null,
        1,
        6,
        null,
        null
      ],
      "/Users/kennx9/projects/coollala/lib/controllers/application_controller.rb": [
        1,
        1,
        null,
        1,
        1,
        1,
        1,
        2,
        2,
        null,
        null,
        null,
        1,
        null
      ],
      "/Users/kennx9/projects/coollala/lib/controllers/users_controller.rb": [
        1,
        1,
        1,
        0,
        null,
        1,
        1,
        0,
        null,
        1,
        0,
        null,
        null,
        null,
        null
      ]
    },
    "timestamp": 1361625550
  }
}
